2020-11-22T12:50:25.181107Z 3.1397061347961426
R1EE2
Traceback (most recent call last):
  File "run_phasenet_2.py", line 125, in <module>
    main()
  File "run_phasenet_2.py", line 22, in main
    run_phasenet_2(ti,sess,model)
  File "run_phasenet_2.py", line 83, in run_phasenet_2
    st.interpolate(sampling_rate=fs)
  File "/home/phasenet/anaconda3/envs/phasenet/lib/python3.6/site-packages/obspy/core/stream.py", line 2560, in interpolate
    tr.interpolate(*args, **kwargs)
  File "<decorator-gen-27>", line 2, in interpolate
  File "/home/phasenet/anaconda3/envs/phasenet/lib/python3.6/site-packages/obspy/core/util/decorator.py", line 245, in skip_if_no_data
    return func(*args, **kwargs)
  File "<decorator-gen-26>", line 2, in interpolate
  File "/home/phasenet/anaconda3/envs/phasenet/lib/python3.6/site-packages/obspy/core/util/decorator.py", line 234, in raise_if_masked
    return func(*args, **kwargs)
  File "<decorator-gen-25>", line 2, in interpolate
  File "/home/phasenet/anaconda3/envs/phasenet/lib/python3.6/site-packages/obspy/core/trace.py", line 273, in _add_processing_info
    result = func(*args, **kwargs)
  File "/home/phasenet/anaconda3/envs/phasenet/lib/python3.6/site-packages/obspy/core/trace.py", line 2475, in interpolate
    starttime, dt, npts, type=method, *args, **kwargs))
  File "/home/phasenet/anaconda3/envs/phasenet/lib/python3.6/site-packages/obspy/signal/interpolation.py", line 147, in weighted_average_slopes
    w = 1.0 / np.clip(w, np.spacing(1), w.max())
  File "/home/phasenet/anaconda3/envs/phasenet/lib/python3.6/site-packages/numpy/core/_methods.py", line 39, in _amax
    return umr_maximum(a, axis, None, out, keepdims, initial, where)
ValueError: zero-size array to reduction operation maximum which has no identity

